[2022-04-25T18:26:28.104] [ERROR] default - UnprocessableEntityError: Validation Failed
    at Object.throw (/Users/nibeijiy/Documents/学习/项目/koa-simple-shop/server/node_modules/koa/lib/context.js:97:11)
    at Object.app.context.verifyParams (/Users/nibeijiy/Documents/学习/项目/koa-simple-shop/server/node_modules/koa-parameter/index.js:43:15)
    at /Users/nibeijiy/Documents/学习/项目/koa-simple-shop/server/utils/index.js:4:17
    at dispatch (/Users/nibeijiy/Documents/学习/项目/koa-simple-shop/server/node_modules/koa-compose/index.js:42:32)
    at /Users/nibeijiy/Documents/学习/项目/koa-simple-shop/server/node_modules/@koa/router/lib/router.js:372:16
    at dispatch (/Users/nibeijiy/Documents/学习/项目/koa-simple-shop/server/node_modules/koa-compose/index.js:42:32)
    at /Users/nibeijiy/Documents/学习/项目/koa-simple-shop/server/node_modules/koa-compose/index.js:34:12
    at dispatch (/Users/nibeijiy/Documents/学习/项目/koa-simple-shop/server/node_modules/@koa/router/lib/router.js:377:31)
    at dispatch (/Users/nibeijiy/Documents/学习/项目/koa-simple-shop/server/node_modules/koa-compose/index.js:42:32)
    at verifyParam (/Users/nibeijiy/Documents/学习/项目/koa-simple-shop/server/node_modules/koa-parameter/index.js:52:13) {
  code: 'INVALID_PARAM',
  errors: [
    {
      message: 'should be one of 0, 1, 2',
      code: 'invalid',
      field: 'sex'
    }
  ],
  params: {
    user_name: '姜磊',
    password: 'ipsum pariatur',
    nick_name: '姚强',
    sex: 3,
    email: 'p.izavnj@qq.com'
  }
}
[2022-04-25T18:38:24.625] [ERROR] default - UnprocessableEntityError: Validation Failed
    at Object.throw (/Users/nibeijiy/Documents/学习/项目/koa-simple-shop/server/node_modules/koa/lib/context.js:97:11)
    at Object.app.context.verifyParams (/Users/nibeijiy/Documents/学习/项目/koa-simple-shop/server/node_modules/koa-parameter/index.js:43:15)
    at /Users/nibeijiy/Documents/学习/项目/koa-simple-shop/server/utils/index.js:4:17
    at dispatch (/Users/nibeijiy/Documents/学习/项目/koa-simple-shop/server/node_modules/koa-compose/index.js:42:32)
    at /Users/nibeijiy/Documents/学习/项目/koa-simple-shop/server/node_modules/@koa/router/lib/router.js:372:16
    at dispatch (/Users/nibeijiy/Documents/学习/项目/koa-simple-shop/server/node_modules/koa-compose/index.js:42:32)
    at /Users/nibeijiy/Documents/学习/项目/koa-simple-shop/server/node_modules/koa-compose/index.js:34:12
    at dispatch (/Users/nibeijiy/Documents/学习/项目/koa-simple-shop/server/node_modules/@koa/router/lib/router.js:377:31)
    at dispatch (/Users/nibeijiy/Documents/学习/项目/koa-simple-shop/server/node_modules/koa-compose/index.js:42:32)
    at verifyParam (/Users/nibeijiy/Documents/学习/项目/koa-simple-shop/server/node_modules/koa-parameter/index.js:52:13) {
  code: 'INVALID_PARAM',
  errors: [
    {
      message: 'should be one of 0, 1, 2',
      code: 'invalid',
      field: 'sex'
    }
  ],
  params: {
    user_name: '姜磊',
    password: 'ipsum pariatur',
    nick_name: '姚强',
    sex: 3,
    email: 'p.izavnj@qq.com'
  }
}
[2022-04-25T18:39:38.358] [ERROR] default - Error
    at Query.run (/Users/nibeijiy/Documents/学习/项目/koa-simple-shop/server/node_modules/sequelize/lib/dialects/mysql/query.js:52:25)
    at /Users/nibeijiy/Documents/学习/项目/koa-simple-shop/server/node_modules/sequelize/lib/sequelize.js:313:28
    at processTicksAndRejections (node:internal/process/task_queues:96:5)
    at async MySQLQueryInterface.insert (/Users/nibeijiy/Documents/学习/项目/koa-simple-shop/server/node_modules/sequelize/lib/dialects/abstract/query-interface.js:297:21)
    at async model.save (/Users/nibeijiy/Documents/学习/项目/koa-simple-shop/server/node_modules/sequelize/lib/model.js:2424:35)
    at async Function.create (/Users/nibeijiy/Documents/学习/项目/koa-simple-shop/server/node_modules/sequelize/lib/model.js:1336:12)
    at async createUser (/Users/nibeijiy/Documents/学习/项目/koa-simple-shop/server/services/user.services.js:6:9)
    at async registerUser (/Users/nibeijiy/Documents/学习/项目/koa-simple-shop/server/controller/user.controller.js:7:13)
    at async /Users/nibeijiy/Documents/学习/项目/koa-simple-shop/server/utils/index.js:8:9
    at async verifyParam (/Users/nibeijiy/Documents/学习/项目/koa-simple-shop/server/node_modules/koa-parameter/index.js:52:7) {
  name: 'SequelizeDatabaseError',
  parent: Error: Unknown column 'nick_name' in 'field list'
      at Packet.asError (/Users/nibeijiy/Documents/学习/项目/koa-simple-shop/server/node_modules/mysql2/lib/packets/packet.js:728:17)
      at Prepare.execute (/Users/nibeijiy/Documents/学习/项目/koa-simple-shop/server/node_modules/mysql2/lib/commands/command.js:29:26)
      at Connection.handlePacket (/Users/nibeijiy/Documents/学习/项目/koa-simple-shop/server/node_modules/mysql2/lib/connection.js:456:32)
      at PacketParser.onPacket (/Users/nibeijiy/Documents/学习/项目/koa-simple-shop/server/node_modules/mysql2/lib/connection.js:85:12)
      at PacketParser.executeStart (/Users/nibeijiy/Documents/学习/项目/koa-simple-shop/server/node_modules/mysql2/lib/packet_parser.js:75:16)
      at Socket.<anonymous> (/Users/nibeijiy/Documents/学习/项目/koa-simple-shop/server/node_modules/mysql2/lib/connection.js:92:25)
      at Socket.emit (node:events:526:28)
      at addChunk (node:internal/streams/readable:315:12)
      at readableAddChunk (node:internal/streams/readable:289:9)
      at Socket.Readable.push (node:internal/streams/readable:228:10) {
    code: 'ER_BAD_FIELD_ERROR',
    errno: 1054,
    sqlState: '42S22',
    sqlMessage: "Unknown column 'nick_name' in 'field list'",
    sql: 'INSERT INTO `Users` (`id`,`user_name`,`nick_name`,`email`,`sex`,`password`,`is_admin`,`createdAt`,`updatedAt`) VALUES (DEFAULT,?,?,?,?,?,?,?,?);',
    parameters: [
      '姜磊',
      '姚强',
      'p.izavnj@qq.com',
      2,
      'ipsum pariatur',
      0,
      '2022-04-25 10:39:38',
      '2022-04-25 10:39:38'
    ]
  },
  original: Error: Unknown column 'nick_name' in 'field list'
      at Packet.asError (/Users/nibeijiy/Documents/学习/项目/koa-simple-shop/server/node_modules/mysql2/lib/packets/packet.js:728:17)
      at Prepare.execute (/Users/nibeijiy/Documents/学习/项目/koa-simple-shop/server/node_modules/mysql2/lib/commands/command.js:29:26)
      at Connection.handlePacket (/Users/nibeijiy/Documents/学习/项目/koa-simple-shop/server/node_modules/mysql2/lib/connection.js:456:32)
      at PacketParser.onPacket (/Users/nibeijiy/Documents/学习/项目/koa-simple-shop/server/node_modules/mysql2/lib/connection.js:85:12)
      at PacketParser.executeStart (/Users/nibeijiy/Documents/学习/项目/koa-simple-shop/server/node_modules/mysql2/lib/packet_parser.js:75:16)
      at Socket.<anonymous> (/Users/nibeijiy/Documents/学习/项目/koa-simple-shop/server/node_modules/mysql2/lib/connection.js:92:25)
      at Socket.emit (node:events:526:28)
      at addChunk (node:internal/streams/readable:315:12)
      at readableAddChunk (node:internal/streams/readable:289:9)
      at Socket.Readable.push (node:internal/streams/readable:228:10) {
    code: 'ER_BAD_FIELD_ERROR',
    errno: 1054,
    sqlState: '42S22',
    sqlMessage: "Unknown column 'nick_name' in 'field list'",
    sql: 'INSERT INTO `Users` (`id`,`user_name`,`nick_name`,`email`,`sex`,`password`,`is_admin`,`createdAt`,`updatedAt`) VALUES (DEFAULT,?,?,?,?,?,?,?,?);',
    parameters: [
      '姜磊',
      '姚强',
      'p.izavnj@qq.com',
      2,
      'ipsum pariatur',
      0,
      '2022-04-25 10:39:38',
      '2022-04-25 10:39:38'
    ]
  },
  sql: 'INSERT INTO `Users` (`id`,`user_name`,`nick_name`,`email`,`sex`,`password`,`is_admin`,`createdAt`,`updatedAt`) VALUES (DEFAULT,?,?,?,?,?,?,?,?);',
  parameters: [
    '姜磊',
    '姚强',
    'p.izavnj@qq.com',
    2,
    'ipsum pariatur',
    0,
    '2022-04-25 10:39:38',
    '2022-04-25 10:39:38'
  ]
}
[2022-04-25T18:40:22.794] [ERROR] default - Error
    at Query.run (/Users/nibeijiy/Documents/学习/项目/koa-simple-shop/server/node_modules/sequelize/lib/dialects/mysql/query.js:52:25)
    at /Users/nibeijiy/Documents/学习/项目/koa-simple-shop/server/node_modules/sequelize/lib/sequelize.js:313:28
    at processTicksAndRejections (node:internal/process/task_queues:96:5)
    at async MySQLQueryInterface.insert (/Users/nibeijiy/Documents/学习/项目/koa-simple-shop/server/node_modules/sequelize/lib/dialects/abstract/query-interface.js:297:21)
    at async model.save (/Users/nibeijiy/Documents/学习/项目/koa-simple-shop/server/node_modules/sequelize/lib/model.js:2424:35)
    at async Function.create (/Users/nibeijiy/Documents/学习/项目/koa-simple-shop/server/node_modules/sequelize/lib/model.js:1336:12)
    at async createUser (/Users/nibeijiy/Documents/学习/项目/koa-simple-shop/server/services/user.services.js:6:9)
    at async registerUser (/Users/nibeijiy/Documents/学习/项目/koa-simple-shop/server/controller/user.controller.js:7:13)
    at async /Users/nibeijiy/Documents/学习/项目/koa-simple-shop/server/utils/index.js:8:9
    at async verifyParam (/Users/nibeijiy/Documents/学习/项目/koa-simple-shop/server/node_modules/koa-parameter/index.js:52:7) {
  name: 'SequelizeDatabaseError',
  parent: Error: Unknown column 'nick_name' in 'field list'
      at Packet.asError (/Users/nibeijiy/Documents/学习/项目/koa-simple-shop/server/node_modules/mysql2/lib/packets/packet.js:728:17)
      at Prepare.execute (/Users/nibeijiy/Documents/学习/项目/koa-simple-shop/server/node_modules/mysql2/lib/commands/command.js:29:26)
      at Connection.handlePacket (/Users/nibeijiy/Documents/学习/项目/koa-simple-shop/server/node_modules/mysql2/lib/connection.js:456:32)
      at PacketParser.onPacket (/Users/nibeijiy/Documents/学习/项目/koa-simple-shop/server/node_modules/mysql2/lib/connection.js:85:12)
      at PacketParser.executeStart (/Users/nibeijiy/Documents/学习/项目/koa-simple-shop/server/node_modules/mysql2/lib/packet_parser.js:75:16)
      at Socket.<anonymous> (/Users/nibeijiy/Documents/学习/项目/koa-simple-shop/server/node_modules/mysql2/lib/connection.js:92:25)
      at Socket.emit (node:events:526:28)
      at addChunk (node:internal/streams/readable:315:12)
      at readableAddChunk (node:internal/streams/readable:289:9)
      at Socket.Readable.push (node:internal/streams/readable:228:10) {
    code: 'ER_BAD_FIELD_ERROR',
    errno: 1054,
    sqlState: '42S22',
    sqlMessage: "Unknown column 'nick_name' in 'field list'",
    sql: 'INSERT INTO `Users` (`id`,`user_name`,`nick_name`,`email`,`sex`,`password`,`is_admin`,`createdAt`,`updatedAt`) VALUES (DEFAULT,?,?,?,?,?,?,?,?);',
    parameters: [
      '姜磊',
      '姚强',
      'p.izavnj@qq.com',
      2,
      'ipsum pariatur',
      0,
      '2022-04-25 10:40:22',
      '2022-04-25 10:40:22'
    ]
  },
  original: Error: Unknown column 'nick_name' in 'field list'
      at Packet.asError (/Users/nibeijiy/Documents/学习/项目/koa-simple-shop/server/node_modules/mysql2/lib/packets/packet.js:728:17)
      at Prepare.execute (/Users/nibeijiy/Documents/学习/项目/koa-simple-shop/server/node_modules/mysql2/lib/commands/command.js:29:26)
      at Connection.handlePacket (/Users/nibeijiy/Documents/学习/项目/koa-simple-shop/server/node_modules/mysql2/lib/connection.js:456:32)
      at PacketParser.onPacket (/Users/nibeijiy/Documents/学习/项目/koa-simple-shop/server/node_modules/mysql2/lib/connection.js:85:12)
      at PacketParser.executeStart (/Users/nibeijiy/Documents/学习/项目/koa-simple-shop/server/node_modules/mysql2/lib/packet_parser.js:75:16)
      at Socket.<anonymous> (/Users/nibeijiy/Documents/学习/项目/koa-simple-shop/server/node_modules/mysql2/lib/connection.js:92:25)
      at Socket.emit (node:events:526:28)
      at addChunk (node:internal/streams/readable:315:12)
      at readableAddChunk (node:internal/streams/readable:289:9)
      at Socket.Readable.push (node:internal/streams/readable:228:10) {
    code: 'ER_BAD_FIELD_ERROR',
    errno: 1054,
    sqlState: '42S22',
    sqlMessage: "Unknown column 'nick_name' in 'field list'",
    sql: 'INSERT INTO `Users` (`id`,`user_name`,`nick_name`,`email`,`sex`,`password`,`is_admin`,`createdAt`,`updatedAt`) VALUES (DEFAULT,?,?,?,?,?,?,?,?);',
    parameters: [
      '姜磊',
      '姚强',
      'p.izavnj@qq.com',
      2,
      'ipsum pariatur',
      0,
      '2022-04-25 10:40:22',
      '2022-04-25 10:40:22'
    ]
  },
  sql: 'INSERT INTO `Users` (`id`,`user_name`,`nick_name`,`email`,`sex`,`password`,`is_admin`,`createdAt`,`updatedAt`) VALUES (DEFAULT,?,?,?,?,?,?,?,?);',
  parameters: [
    '姜磊',
    '姚强',
    'p.izavnj@qq.com',
    2,
    'ipsum pariatur',
    0,
    '2022-04-25 10:40:22',
    '2022-04-25 10:40:22'
  ]
}
